<?xml version="1.0" encoding="UTF-8"?>
<!-- Generated by org.testng.reporters.JUnitReportReporter -->
<testsuite skipped="0" hostname="STATION04" name="demowithJUnit.TR_03" tests="6" failures="0" timestamp="2019-08-30T15:47:21 SGT" time="77.212" errors="0">
  <testcase name="Test1" time="2.108" classname="demowithJUnit.TR_03"/>
  <testcase name="Test3" time="12.450" classname="demowithJUnit.TR_03"/>
  <testcase name="Test2" time="12.494" classname="demowithJUnit.TR_03"/>
  <testcase name="Test5" time="8.200" classname="demowithJUnit.TR_03"/>
  <testcase name="Test4" time="35.658" classname="demowithJUnit.TR_03"/>
  <testcase name="Test6" time="6.302" classname="demowithJUnit.TR_03"/>
</testsuite> <!-- demowithJUnit.TR_03 -->
